2003.09.28 01:23 B C:\Documents and Settings\Tak.Wai.Chung.TUCKNT\My Documents\My Webs\myweb4\animate.js --> ftpmysite.verizon.net /myweb4 animate.js
2003.09.28 01:23 B C:\Documents and Settings\Tak.Wai.Chung.TUCKNT\My Documents\My Webs\myweb4\desktop.ini --> ftpmysite.verizon.net /myweb4 desktop.ini
2003.09.28 01:23 B C:\Documents and Settings\Tak.Wai.Chung.TUCKNT\My Documents\My Webs\myweb4\fphover.class --> ftpmysite.verizon.net /myweb4 fphover.class
2003.09.28 01:23 B C:\Documents and Settings\Tak.Wai.Chung.TUCKNT\My Documents\My Webs\myweb4\fphoverx.class --> ftpmysite.verizon.net /myweb4 fphoverx.class
2003.09.28 01:23 B C:\Documents and Settings\Tak.Wai.Chung.TUCKNT\My Documents\My Webs\myweb4\index.htm --> ftpmysite.verizon.net /myweb4 index.htm
2003.09.28 01:32 B C:\Documents and Settings\Tak.Wai.Chung.TUCKNT\My Documents\My Webs\myweb4\index.htm --> ftpmysite.verizon.net /myweb4 index.htm
2003.09.28 01:49 B C:\Documents and Settings\Tak.Wai.Chung.TUCKNT\My Documents\My Webs\myweb4\index.htm --> ftpmysite.verizon.net / index.htm
2003.09.28 01:50 B C:\Documents and Settings\Tak.Wai.Chung.TUCKNT\My Documents\My Webs\myweb4\index.htm --> ftpmysite.verizon.net /myweb4 index.htm
2003.09.28 08:07 B C:\Documents and Settings\Tak.Wai.Chung.TUCKNT\My Documents\My Webs\myweb4\index.htm --> ftp.rosytak.us /tchung0/web4 index.htm
2003.09.28 08:08 B C:\Documents and Settings\Tak.Wai.Chung.TUCKNT\My Documents\My Webs\myweb4\index.htm --> ftp.rosytak.us /tchung0/web4 index.htm
2003.09.28 08:49 B C:\Documents and Settings\Tak.Wai.Chung.TUCKNT\My Documents\My Webs\myweb4\index.htm --> ftp.rosytak.us /tchung0/web4 index.htm
2003.09.28 08:52 B C:\Documents and Settings\Tak.Wai.Chung.TUCKNT\My Documents\My Webs\myweb4\index.htm --> ftp.rosytak.us /tchung0/web4 index.htm
2003.09.29 17:08 B C:\Documents and Settings\Tak.Wai.Chung.TUCKNT\My Documents\My Webs\myweb4\index.htm --> ftp.rosytak.us /tchung0/web4 index.htm
2003.09.29 17:11 B C:\Documents and Settings\Tak.Wai.Chung.TUCKNT\My Documents\My Webs\myweb4\index.htm --> ftp.rosytak.us /tchung0/web4 index.htm
2003.09.29 17:12 B C:\Documents and Settings\Tak.Wai.Chung.TUCKNT\My Documents\My Webs\myweb4\our_song.htm --> ftp.rosytak.us /tchung0/web4 our_song.htm
2003.09.30 00:35 B C:\Documents and Settings\Tak.Wai.Chung.TUCKNT\My Documents\My Webs\myweb4\index.htm --> ftp.rosytak.us /tchung0 index.htm
2003.09.30 00:35 B C:\Documents and Settings\Tak.Wai.Chung.TUCKNT\My Documents\My Webs\myweb4\our_song.htm --> ftp.rosytak.us /tchung0 our_song.htm
2003.09.30 00:36 B C:\Documents and Settings\Tak.Wai.Chung.TUCKNT\My Documents\My Webs\myweb4\index.htm --> ftp.rosytak.us /tchung0/web4 index.htm
2003.09.30 00:36 B C:\Documents and Settings\Tak.Wai.Chung.TUCKNT\My Documents\My Webs\myweb4\our_song.htm --> ftp.rosytak.us /tchung0/web4 our_song.htm
2003.09.30 00:39 B C:\Documents and Settings\Tak.Wai.Chung.TUCKNT\My Documents\My Webs\myweb4\index.htm --> ftp.rosytak.us /tchung0/web4 index.htm
2003.09.30 00:39 B C:\Documents and Settings\Tak.Wai.Chung.TUCKNT\My Documents\My Webs\myweb4\our_song.htm --> ftp.rosytak.us /tchung0/web4 our_song.htm
2003.09.30 00:41 B C:\Documents and Settings\Tak.Wai.Chung.TUCKNT\My Documents\My Webs\myweb4\index.htm --> ftp.rosytak.us /tchung0/web4 index.htm
2003.09.30 00:42 B C:\Documents and Settings\Tak.Wai.Chung.TUCKNT\My Documents\My Webs\myweb4\index.htm --> ftp.rosytak.us /tchung0/web4 index.htm
2003.09.30 13:25 B C:\Documents and Settings\Tak.Wai.Chung.TUCKNT\My Documents\My Webs\myweb4\index.htm --> ftp.rosytak.us /tchung0/web4 index.htm
2003.09.30 13:25 B C:\Documents and Settings\Tak.Wai.Chung.TUCKNT\My Documents\My Webs\myweb4\our_song.htm --> ftp.rosytak.us /tchung0/web4 our_song.htm
2003.10.07 16:49 B C:\Documents and Settings\Tak.Wai.Chung.TUCKNT\My Documents\My Webs\myweb4\index.htm --> ftp.rosytak.us /tchung0/web4 index.htm
2003.10.07 16:49 B C:\Documents and Settings\Tak.Wai.Chung.TUCKNT\My Documents\My Webs\myweb4\our_registry.htm --> ftp.rosytak.us /tchung0/web4 our_registry.htm
2003.10.07 16:49 B C:\Documents and Settings\Tak.Wai.Chung.TUCKNT\My Documents\My Webs\myweb4\our_song.htm --> ftp.rosytak.us /tchung0/web4 our_song.htm
