2003.09.28 01:13 B C:\Documents and Settings\Tak.Wai.Chung.TUCKNT\My Documents\My Webs\myweb4\_themes\artsy\artbanna.gif --> ftpmysite.verizon.net /myweb4/_themes/artsy artbanna.gif
2003.09.28 01:13 B C:\Documents and Settings\Tak.Wai.Chung.TUCKNT\My Documents\My Webs\myweb4\_themes\artsy\artbannd.gif --> ftpmysite.verizon.net /myweb4/_themes/artsy artbannd.gif
2003.09.28 01:13 B C:\Documents and Settings\Tak.Wai.Chung.TUCKNT\My Documents\My Webs\myweb4\_themes\artsy\artbul1a.gif --> ftpmysite.verizon.net /myweb4/_themes/artsy artbul1a.gif
2003.09.28 01:13 B C:\Documents and Settings\Tak.Wai.Chung.TUCKNT\My Documents\My Webs\myweb4\_themes\artsy\artbul1d.gif --> ftpmysite.verizon.net /myweb4/_themes/artsy artbul1d.gif
2003.09.28 01:13 B C:\Documents and Settings\Tak.Wai.Chung.TUCKNT\My Documents\My Webs\myweb4\_themes\artsy\artbul2a.gif --> ftpmysite.verizon.net /myweb4/_themes/artsy artbul2a.gif
2003.09.28 01:13 B C:\Documents and Settings\Tak.Wai.Chung.TUCKNT\My Documents\My Webs\myweb4\_themes\artsy\artbul2d.gif --> ftpmysite.verizon.net /myweb4/_themes/artsy artbul2d.gif
2003.09.28 01:13 B C:\Documents and Settings\Tak.Wai.Chung.TUCKNT\My Documents\My Webs\myweb4\_themes\artsy\artbul3a.gif --> ftpmysite.verizon.net /myweb4/_themes/artsy artbul3a.gif
2003.09.28 01:13 B C:\Documents and Settings\Tak.Wai.Chung.TUCKNT\My Documents\My Webs\myweb4\_themes\artsy\artbul3d.gif --> ftpmysite.verizon.net /myweb4/_themes/artsy artbul3d.gif
2003.09.28 01:13 B C:\Documents and Settings\Tak.Wai.Chung.TUCKNT\My Documents\My Webs\myweb4\_themes\artsy\arthomed.gif --> ftpmysite.verizon.net /myweb4/_themes/artsy arthomed.gif
2003.09.28 01:13 B C:\Documents and Settings\Tak.Wai.Chung.TUCKNT\My Documents\My Webs\myweb4\_themes\artsy\arthomha.gif --> ftpmysite.verizon.net /myweb4/_themes/artsy arthomha.gif
2003.09.28 01:13 B C:\Documents and Settings\Tak.Wai.Chung.TUCKNT\My Documents\My Webs\myweb4\_themes\artsy\arthomna.gif --> ftpmysite.verizon.net /myweb4/_themes/artsy arthomna.gif
2003.09.28 01:13 B C:\Documents and Settings\Tak.Wai.Chung.TUCKNT\My Documents\My Webs\myweb4\_themes\artsy\arthomsa.gif --> ftpmysite.verizon.net /myweb4/_themes/artsy arthomsa.gif
2003.09.28 01:13 B C:\Documents and Settings\Tak.Wai.Chung.TUCKNT\My Documents\My Webs\myweb4\_themes\artsy\arthsepa.gif --> ftpmysite.verizon.net /myweb4/_themes/artsy arthsepa.gif
2003.09.28 01:13 B C:\Documents and Settings\Tak.Wai.Chung.TUCKNT\My Documents\My Webs\myweb4\_themes\artsy\arthsepd.gif --> ftpmysite.verizon.net /myweb4/_themes/artsy arthsepd.gif
2003.09.28 01:13 B C:\Documents and Settings\Tak.Wai.Chung.TUCKNT\My Documents\My Webs\myweb4\_themes\artsy\artnavgl.gif --> ftpmysite.verizon.net /myweb4/_themes/artsy artnavgl.gif
2003.09.28 01:13 B C:\Documents and Settings\Tak.Wai.Chung.TUCKNT\My Documents\My Webs\myweb4\_themes\artsy\artnexha.gif --> ftpmysite.verizon.net /myweb4/_themes/artsy artnexha.gif
2003.09.28 01:13 B C:\Documents and Settings\Tak.Wai.Chung.TUCKNT\My Documents\My Webs\myweb4\_themes\artsy\artnexna.gif --> ftpmysite.verizon.net /myweb4/_themes/artsy artnexna.gif
2003.09.28 01:13 B C:\Documents and Settings\Tak.Wai.Chung.TUCKNT\My Documents\My Webs\myweb4\_themes\artsy\artnexsa.gif --> ftpmysite.verizon.net /myweb4/_themes/artsy artnexsa.gif
2003.09.28 01:13 B C:\Documents and Settings\Tak.Wai.Chung.TUCKNT\My Documents\My Webs\myweb4\_themes\artsy\artnextd.gif --> ftpmysite.verizon.net /myweb4/_themes/artsy artnextd.gif
2003.09.28 01:13 B C:\Documents and Settings\Tak.Wai.Chung.TUCKNT\My Documents\My Webs\myweb4\_themes\artsy\artnvhha.gif --> ftpmysite.verizon.net /myweb4/_themes/artsy artnvhha.gif
2003.09.28 01:13 B C:\Documents and Settings\Tak.Wai.Chung.TUCKNT\My Documents\My Webs\myweb4\_themes\artsy\artnvhna.gif --> ftpmysite.verizon.net /myweb4/_themes/artsy artnvhna.gif
2003.09.28 01:13 B C:\Documents and Settings\Tak.Wai.Chung.TUCKNT\My Documents\My Webs\myweb4\_themes\artsy\artnvhnd.gif --> ftpmysite.verizon.net /myweb4/_themes/artsy artnvhnd.gif
2003.09.28 01:13 B C:\Documents and Settings\Tak.Wai.Chung.TUCKNT\My Documents\My Webs\myweb4\_themes\artsy\artnvhsa.gif --> ftpmysite.verizon.net /myweb4/_themes/artsy artnvhsa.gif
2003.09.28 01:13 B C:\Documents and Settings\Tak.Wai.Chung.TUCKNT\My Documents\My Webs\myweb4\_themes\artsy\artnvhsd.gif --> ftpmysite.verizon.net /myweb4/_themes/artsy artnvhsd.gif
2003.09.28 01:13 B C:\Documents and Settings\Tak.Wai.Chung.TUCKNT\My Documents\My Webs\myweb4\_themes\artsy\artnvvha.gif --> ftpmysite.verizon.net /myweb4/_themes/artsy artnvvha.gif
2003.09.28 01:13 B C:\Documents and Settings\Tak.Wai.Chung.TUCKNT\My Documents\My Webs\myweb4\_themes\artsy\artnvvna.gif --> ftpmysite.verizon.net /myweb4/_themes/artsy artnvvna.gif
2003.09.28 01:13 B C:\Documents and Settings\Tak.Wai.Chung.TUCKNT\My Documents\My Webs\myweb4\_themes\artsy\artnvvnd.gif --> ftpmysite.verizon.net /myweb4/_themes/artsy artnvvnd.gif
2003.09.28 01:13 B C:\Documents and Settings\Tak.Wai.Chung.TUCKNT\My Documents\My Webs\myweb4\_themes\artsy\artnvvsa.gif --> ftpmysite.verizon.net /myweb4/_themes/artsy artnvvsa.gif
2003.09.28 01:13 B C:\Documents and Settings\Tak.Wai.Chung.TUCKNT\My Documents\My Webs\myweb4\_themes\artsy\artnvvsd.gif --> ftpmysite.verizon.net /myweb4/_themes/artsy artnvvsd.gif
2003.09.28 01:13 B C:\Documents and Settings\Tak.Wai.Chung.TUCKNT\My Documents\My Webs\myweb4\_themes\artsy\artpreha.gif --> ftpmysite.verizon.net /myweb4/_themes/artsy artpreha.gif
2003.09.28 01:13 B C:\Documents and Settings\Tak.Wai.Chung.TUCKNT\My Documents\My Webs\myweb4\_themes\artsy\artprena.gif --> ftpmysite.verizon.net /myweb4/_themes/artsy artprena.gif
2003.09.28 01:13 B C:\Documents and Settings\Tak.Wai.Chung.TUCKNT\My Documents\My Webs\myweb4\_themes\artsy\artpresa.gif --> ftpmysite.verizon.net /myweb4/_themes/artsy artpresa.gif
2003.09.28 01:13 B C:\Documents and Settings\Tak.Wai.Chung.TUCKNT\My Documents\My Webs\myweb4\_themes\artsy\artprevd.gif --> ftpmysite.verizon.net /myweb4/_themes/artsy artprevd.gif
2003.09.28 01:13 B C:\Documents and Settings\Tak.Wai.Chung.TUCKNT\My Documents\My Webs\myweb4\_themes\artsy\artsy.inf --> ftpmysite.verizon.net /myweb4/_themes/artsy artsy.inf
2003.09.28 01:13 B C:\Documents and Settings\Tak.Wai.Chung.TUCKNT\My Documents\My Webs\myweb4\_themes\artsy\artsy.utf8 --> ftpmysite.verizon.net /myweb4/_themes/artsy artsy.utf8
2003.09.28 01:13 B C:\Documents and Settings\Tak.Wai.Chung.TUCKNT\My Documents\My Webs\myweb4\_themes\artsy\arttilea.jpg --> ftpmysite.verizon.net /myweb4/_themes/artsy arttilea.jpg
2003.09.28 01:14 B C:\Documents and Settings\Tak.Wai.Chung.TUCKNT\My Documents\My Webs\myweb4\_themes\artsy\artupbha.gif --> ftpmysite.verizon.net /myweb4/_themes/artsy artupbha.gif
2003.09.28 01:14 B C:\Documents and Settings\Tak.Wai.Chung.TUCKNT\My Documents\My Webs\myweb4\_themes\artsy\artupbna.gif --> ftpmysite.verizon.net /myweb4/_themes/artsy artupbna.gif
2003.09.28 01:14 B C:\Documents and Settings\Tak.Wai.Chung.TUCKNT\My Documents\My Webs\myweb4\_themes\artsy\artupbsa.gif --> ftpmysite.verizon.net /myweb4/_themes/artsy artupbsa.gif
2003.09.28 01:14 B C:\Documents and Settings\Tak.Wai.Chung.TUCKNT\My Documents\My Webs\myweb4\_themes\artsy\artupbtd.gif --> ftpmysite.verizon.net /myweb4/_themes/artsy artupbtd.gif
2003.09.28 01:14 B C:\Documents and Settings\Tak.Wai.Chung.TUCKNT\My Documents\My Webs\myweb4\_themes\artsy\blank.gif --> ftpmysite.verizon.net /myweb4/_themes/artsy blank.gif
2003.09.28 01:14 B C:\Documents and Settings\Tak.Wai.Chung.TUCKNT\My Documents\My Webs\myweb4\_themes\artsy\bluedot.gif --> ftpmysite.verizon.net /myweb4/_themes/artsy bluedot.gif
2003.09.28 01:14 B C:\Documents and Settings\Tak.Wai.Chung.TUCKNT\My Documents\My Webs\myweb4\_themes\artsy\color0.css --> ftpmysite.verizon.net /myweb4/_themes/artsy color0.css
2003.09.28 01:14 B C:\Documents and Settings\Tak.Wai.Chung.TUCKNT\My Documents\My Webs\myweb4\_themes\artsy\color1.css --> ftpmysite.verizon.net /myweb4/_themes/artsy color1.css
2003.09.28 01:14 B C:\Documents and Settings\Tak.Wai.Chung.TUCKNT\My Documents\My Webs\myweb4\_themes\artsy\custom.css --> ftpmysite.verizon.net /myweb4/_themes/artsy custom.css
2003.09.28 01:14 B C:\Documents and Settings\Tak.Wai.Chung.TUCKNT\My Documents\My Webs\myweb4\_themes\artsy\graph0.css --> ftpmysite.verizon.net /myweb4/_themes/artsy graph0.css
2003.09.28 01:14 B C:\Documents and Settings\Tak.Wai.Chung.TUCKNT\My Documents\My Webs\myweb4\_themes\artsy\graph1.css --> ftpmysite.verizon.net /myweb4/_themes/artsy graph1.css
2003.09.28 01:14 B C:\Documents and Settings\Tak.Wai.Chung.TUCKNT\My Documents\My Webs\myweb4\_themes\artsy\theme.css --> ftpmysite.verizon.net /myweb4/_themes/artsy theme.css
