2003.09.28 01:21 B C:\Documents and Settings\Tak.Wai.Chung.TUCKNT\My Documents\My Webs\myweb4\images\Background.gif --> ftpmysite.verizon.net /myweb4/images Background.gif
2003.09.28 01:21 B C:\Documents and Settings\Tak.Wai.Chung.TUCKNT\My Documents\My Webs\myweb4\images\Candles 1.jpg --> ftpmysite.verizon.net /myweb4/images Candles 1.jpg
2003.09.28 01:21 B C:\Documents and Settings\Tak.Wai.Chung.TUCKNT\My Documents\My Webs\myweb4\images\DSC00012.jpg --> ftpmysite.verizon.net /myweb4/images DSC00012.jpg
2003.09.28 01:22 B C:\Documents and Settings\Tak.Wai.Chung.TUCKNT\My Documents\My Webs\myweb4\images\Fireworks3.jpg --> ftpmysite.verizon.net /myweb4/images Fireworks3.jpg
2003.09.28 01:22 B C:\Documents and Settings\Tak.Wai.Chung.TUCKNT\My Documents\My Webs\myweb4\images\our song - 2.jpg --> ftpmysite.verizon.net /myweb4/images our song - 2.jpg
2003.09.28 01:22 B C:\Documents and Settings\Tak.Wai.Chung.TUCKNT\My Documents\My Webs\myweb4\images\our song.jpg --> ftpmysite.verizon.net /myweb4/images our song.jpg
2003.09.28 01:22 B C:\Documents and Settings\Tak.Wai.Chung.TUCKNT\My Documents\My Webs\myweb4\images\Wedding Registry.jpg --> ftpmysite.verizon.net /myweb4/images Wedding Registry.jpg
2003.09.28 01:27 B C:\Documents and Settings\Tak.Wai.Chung.TUCKNT\My Documents\My Webs\myweb4\images\DSC00012.jpg --> ftpmysite.verizon.net /myweb4/images DSC00012.jpg
2003.09.28 01:29 B C:\Documents and Settings\Tak.Wai.Chung.TUCKNT\My Documents\My Webs\myweb4\images\DSC00046.JPG --> ftpmysite.verizon.net /myweb4/images DSC00046.JPG
2003.09.28 01:29 B C:\Documents and Settings\Tak.Wai.Chung.TUCKNT\My Documents\My Webs\myweb4\images\DSC00048.JPG --> ftpmysite.verizon.net /myweb4/images DSC00048.JPG
2003.09.28 07:59 B C:\Documents and Settings\Tak.Wai.Chung.TUCKNT\My Documents\My Webs\myweb4\images\Background.gif --> ftp.rosytak.us /tchung0/web4/images Background.gif
2003.09.28 07:59 B C:\Documents and Settings\Tak.Wai.Chung.TUCKNT\My Documents\My Webs\myweb4\images\Candles 1.jpg --> ftp.rosytak.us /tchung0/web4/images Candles 1.jpg
2003.09.28 07:59 B C:\Documents and Settings\Tak.Wai.Chung.TUCKNT\My Documents\My Webs\myweb4\images\Candles 1.jpg --> ftp.rosytak.us /tchung0/web4/images Candles 1.jpg
2003.09.28 08:01 B C:\Documents and Settings\Tak.Wai.Chung.TUCKNT\My Documents\My Webs\myweb4\images\Candles_1.jpg --> ftp.rosytak.us /tchung0/web4/images Candles_1.jpg
2003.09.28 08:01 B C:\Documents and Settings\Tak.Wai.Chung.TUCKNT\My Documents\My Webs\myweb4\images\Fireworks3.jpg --> ftp.rosytak.us /tchung0/web4/images Fireworks3.jpg
2003.09.28 08:01 B C:\Documents and Settings\Tak.Wai.Chung.TUCKNT\My Documents\My Webs\myweb4\images\our song2.jpg --> ftp.rosytak.us /tchung0/web4/images our song2.jpg
2003.09.28 08:05 B C:\Documents and Settings\Tak.Wai.Chung.TUCKNT\My Documents\My Webs\myweb4\images\our_registry.jpg --> ftp.rosytak.us /tchung0/web4/images our_registry.jpg
2003.09.28 08:05 B C:\Documents and Settings\Tak.Wai.Chung.TUCKNT\My Documents\My Webs\myweb4\images\our_song2.jpg --> ftp.rosytak.us /tchung0/web4/images our_song2.jpg
2003.09.28 08:06 B C:\Documents and Settings\Tak.Wai.Chung.TUCKNT\My Documents\My Webs\myweb4\images\path.jpg --> ftp.rosytak.us /tchung0/web4/images path.jpg
2003.09.28 08:06 B C:\Documents and Settings\Tak.Wai.Chung.TUCKNT\My Documents\My Webs\myweb4\images\rosy_bh.jpg --> ftp.rosytak.us /tchung0/web4/images rosy_bh.jpg
2003.09.28 08:06 B C:\Documents and Settings\Tak.Wai.Chung.TUCKNT\My Documents\My Webs\myweb4\images\tak_bh.jpg --> ftp.rosytak.us /tchung0/web4/images tak_bh.jpg
2003.09.28 08:49 B C:\Documents and Settings\Tak.Wai.Chung.TUCKNT\My Documents\My Webs\myweb4\images\bridal_sedan.jpg --> ftp.rosytak.us /tchung0/web4/images bridal_sedan.jpg
2003.09.29 17:09 B C:\Documents and Settings\Tak.Wai.Chung.TUCKNT\My Documents\My Webs\myweb4\images\home_icon.jpg --> ftp.rosytak.us /tchung0/web4/images home_icon.jpg
2003.09.29 17:09 B C:\Documents and Settings\Tak.Wai.Chung.TUCKNT\My Documents\My Webs\myweb4\images\song_lyrics.jpg --> ftp.rosytak.us /tchung0/web4/images song_lyrics.jpg
2003.09.29 17:09 B C:\Documents and Settings\Tak.Wai.Chung.TUCKNT\My Documents\My Webs\myweb4\images\song_3.jpg --> ftp.rosytak.us /tchung0/web4/images song_3.jpg
2003.09.29 17:09 B C:\Documents and Settings\Tak.Wai.Chung.TUCKNT\My Documents\My Webs\myweb4\images\song_2.jpg --> ftp.rosytak.us /tchung0/web4/images song_2.jpg
2003.09.29 17:09 B C:\Documents and Settings\Tak.Wai.Chung.TUCKNT\My Documents\My Webs\myweb4\images\music_score.jpg --> ftp.rosytak.us /tchung0/web4/images music_score.jpg
2003.09.29 17:09 B C:\Documents and Settings\Tak.Wai.Chung.TUCKNT\My Documents\My Webs\myweb4\images\Path - shadow.jpg --> ftp.rosytak.us /tchung0/web4/images Path - shadow.jpg
2003.09.29 17:11 B C:\Documents and Settings\Tak.Wai.Chung.TUCKNT\My Documents\My Webs\myweb4\images\Path_shadow.jpg --> ftp.rosytak.us /tchung0/web4/images Path_shadow.jpg
2003.09.30 00:37 B C:\Documents and Settings\Tak.Wai.Chung.TUCKNT\My Documents\My Webs\myweb4\images\Background.gif --> ftp.rosytak.us /tchung0/web4/images Background.gif
2003.09.30 00:37 B C:\Documents and Settings\Tak.Wai.Chung.TUCKNT\My Documents\My Webs\myweb4\images\bridal_sedan.jpg --> ftp.rosytak.us /tchung0/web4/images bridal_sedan.jpg
2003.09.30 00:37 B C:\Documents and Settings\Tak.Wai.Chung.TUCKNT\My Documents\My Webs\myweb4\images\Candles_1.jpg --> ftp.rosytak.us /tchung0/web4/images Candles_1.jpg
2003.09.30 00:37 B C:\Documents and Settings\Tak.Wai.Chung.TUCKNT\My Documents\My Webs\myweb4\images\Fireworks3.jpg --> ftp.rosytak.us /tchung0/web4/images Fireworks3.jpg
2003.09.30 00:37 B C:\Documents and Settings\Tak.Wai.Chung.TUCKNT\My Documents\My Webs\myweb4\images\home_icon.jpg --> ftp.rosytak.us /tchung0/web4/images home_icon.jpg
2003.09.30 00:37 B C:\Documents and Settings\Tak.Wai.Chung.TUCKNT\My Documents\My Webs\myweb4\images\music_score.jpg --> ftp.rosytak.us /tchung0/web4/images music_score.jpg
2003.09.30 00:37 B C:\Documents and Settings\Tak.Wai.Chung.TUCKNT\My Documents\My Webs\myweb4\images\our song.jpg --> ftp.rosytak.us /tchung0/web4/images our song.jpg
2003.09.30 00:38 B C:\Documents and Settings\Tak.Wai.Chung.TUCKNT\My Documents\My Webs\myweb4\images\our_song.jpg --> ftp.rosytak.us /tchung0/web4/images our_song.jpg
2003.10.07 16:45 B C:\Documents and Settings\Tak.Wai.Chung.TUCKNT\My Documents\My Webs\myweb4\images\bridal_sedan.jpg --> ftp.rosytak.us /tchung0/web4/images bridal_sedan.jpg
2003.10.07 16:45 B C:\Documents and Settings\Tak.Wai.Chung.TUCKNT\My Documents\My Webs\myweb4\images\Candles_1.jpg --> ftp.rosytak.us /tchung0/web4/images Candles_1.jpg
2003.10.07 16:46 B C:\Documents and Settings\Tak.Wai.Chung.TUCKNT\My Documents\My Webs\myweb4\images\Fireworks3.jpg --> ftp.rosytak.us /tchung0/web4/images Fireworks3.jpg
2003.10.07 16:46 B C:\Documents and Settings\Tak.Wai.Chung.TUCKNT\My Documents\My Webs\myweb4\images\home_icon.jpg --> ftp.rosytak.us /tchung0/web4/images home_icon.jpg
2003.10.07 16:46 B C:\Documents and Settings\Tak.Wai.Chung.TUCKNT\My Documents\My Webs\myweb4\images\our_registry.jpg --> ftp.rosytak.us /tchung0/web4/images our_registry.jpg
2003.10.07 16:46 B C:\Documents and Settings\Tak.Wai.Chung.TUCKNT\My Documents\My Webs\myweb4\images\our_song2.jpg --> ftp.rosytak.us /tchung0/web4/images our_song2.jpg
2003.10.07 16:46 B C:\Documents and Settings\Tak.Wai.Chung.TUCKNT\My Documents\My Webs\myweb4\images\Path_shadow.jpg --> ftp.rosytak.us /tchung0/web4/images Path_shadow.jpg
2003.10.07 16:46 B C:\Documents and Settings\Tak.Wai.Chung.TUCKNT\My Documents\My Webs\myweb4\images\rosy_bh.jpg --> ftp.rosytak.us /tchung0/web4/images rosy_bh.jpg
2003.10.07 16:46 B C:\Documents and Settings\Tak.Wai.Chung.TUCKNT\My Documents\My Webs\myweb4\images\song_2.jpg --> ftp.rosytak.us /tchung0/web4/images song_2.jpg
2003.10.07 16:46 B C:\Documents and Settings\Tak.Wai.Chung.TUCKNT\My Documents\My Webs\myweb4\images\song_3.jpg --> ftp.rosytak.us /tchung0/web4/images song_3.jpg
2003.10.07 16:46 B C:\Documents and Settings\Tak.Wai.Chung.TUCKNT\My Documents\My Webs\myweb4\images\song_lyrics.jpg --> ftp.rosytak.us /tchung0/web4/images song_lyrics.jpg
2003.10.07 16:46 B C:\Documents and Settings\Tak.Wai.Chung.TUCKNT\My Documents\My Webs\myweb4\images\tak_bh2.jpg --> ftp.rosytak.us /tchung0/web4/images tak_bh2.jpg
2003.10.07 16:46 B C:\Documents and Settings\Tak.Wai.Chung.TUCKNT\My Documents\My Webs\myweb4\images\WS_FTP.LOG --> ftp.rosytak.us /tchung0/web4/images WS_FTP.LOG
